# JRE version: Java(TM) SE Runtime Environment (21.0.2+13) (build 21.0.2+13-LTS-58)
# Java VM: Java HotSpot(TM) 64-Bit Server VM (21.0.2+13-LTS-58, mixed mode, sharing, tiered, compressed oops, compressed class ptrs, g1 gc, windows-amd64)
GC Precious Log:
 CardTable entry size: 512
 Card Set container configuration: InlinePtr #cards 5 size 8 Array Of Cards #cards 12 size 40 Howl #buckets 4 coarsen threshold 1843 Howl Bitmap #cards 512 size 80 coarsen threshold 460 Card regions per heap region 1 cards per card region 2048
 CPUs: 8 total, 8 available
 Memory: 8035M
 Large Page Support: Disabled
 NUMA Support: Disabled
 Compressed Oops: Enabled (32-bit)
 Heap Region Size: 1M
 Heap Min Capacity: 8M
 Heap Initial Capacity: 8M
 Heap Max Capacity: 2010M
 Pre-touch: Disabled
 Parallel Workers: 8
 Concurrent Workers: 2
 Concurrent Refinement Workers: 8
 Periodic GC: Disabled
Heap:
 garbage-first heap   total 10240K, used 4237K [0x0000000082600000, 0x0000000100000000)
  region size 1024K, 1 young (1024K), 1 survivors (1024K)
 Metaspace       used 8395K, committed 8576K, reserved 1114112K
  class space    used 948K, committed 1024K, reserved 1048576K
GC Heap History (17 events):
Event: 0.243 GC heap before
{Heap before GC invocations=0 (full 0):
 garbage-first heap   total 8192K, used 2048K [0x0000000082600000, 0x0000000100000000)
  region size 1024K, 3 young (3072K), 0 survivors (0K)
 Metaspace       used 2617K, committed 2752K, reserved 1114112K
  class space    used 340K, committed 384K, reserved 1048576K
}
Event: 0.246 GC heap after
{Heap after GC invocations=1 (full 0):
 garbage-first heap   total 8192K, used 1292K [0x0000000082600000, 0x0000000100000000)
  region size 1024K, 1 young (1024K), 1 survivors (1024K)
 Metaspace       used 2617K, committed 2752K, reserved 1114112K
  class space    used 340K, committed 384K, reserved 1048576K
}
Event: 0.369 GC heap before
{Heap before GC invocations=1 (full 0):
 garbage-first heap   total 8192K, used 1292K [0x0000000082600000, 0x0000000100000000)
  region size 1024K, 2 young (2048K), 1 survivors (1024K)
 Metaspace       used 5444K, committed 5568K, reserved 1114112K
  class space    used 655K, committed 704K, reserved 1048576K
}
Event: 0.373 GC heap after
{Heap after GC invocations=2 (full 0):
 garbage-first heap   total 8192K, used 1842K [0x0000000082600000, 0x0000000100000000)
  region size 1024K, 1 young (1024K), 1 survivors (1024K)
 Metaspace       used 5444K, committed 5568K, reserved 1114112K
  class space    used 655K, committed 704K, reserved 1048576K
}
Event: 0.468 GC heap before
{Heap before GC invocations=2 (full 0):
 garbage-first heap   total 8192K, used 2866K [0x0000000082600000, 0x0000000100000000)
  region size 1024K, 2 young (2048K), 1 survivors (1024K)
 Metaspace       used 6919K, committed 7040K, reserved 1114112K
  class space    used 819K, committed 896K, reserved 1048576K
}
Event: 0.470 GC heap after
{Heap after GC invocations=3 (full 0):
 garbage-first heap   total 8192K, used 2244K [0x0000000082600000, 0x0000000100000000)
  region size 1024K, 1 young (1024K), 1 survivors (1024K)
 Metaspace       used 6919K, committed 7040K, reserved 1114112K
  class space    used 819K, committed 896K, reserved 1048576K
}
Event: 0.542 GC heap before
{Heap before GC invocations=3 (full 0):
 garbage-first heap   total 8192K, used 3268K [0x0000000082600000, 0x0000000100000000)
  region size 1024K, 2 young (2048K), 1 survivors (1024K)
 Metaspace       used 7803K, committed 7936K, reserved 1114112K
  class space    used 886K, committed 960K, reserved 1048576K
}
Event: 0.545 GC heap after
{Heap after GC invocations=4 (full 0):
 garbage-first heap   total 8192K, used 2508K [0x0000000082600000, 0x0000000100000000)
  region size 1024K, 1 young (1024K), 1 survivors (1024K)
 Metaspace       used 7803K, committed 7936K, reserved 1114112K
  class space    used 886K, committed 960K, reserved 1048576K
}
Event: 0.639 GC heap before
{Heap before GC invocations=4 (full 0):
 garbage-first heap   total 8192K, used 4556K [0x0000000082600000, 0x0000000100000000)
  region size 1024K, 3 young (3072K), 1 survivors (1024K)
 Metaspace       used 8203K, committed 8384K, reserved 1114112K
  class space    used 940K, committed 1024K, reserved 1048576K
}
Event: 0.643 GC heap after
{Heap after GC invocations=5 (full 0):
 garbage-first heap   total 10240K, used 3190K [0x0000000082600000, 0x0000000100000000)
  region size 1024K, 1 young (1024K), 1 survivors (1024K)
 Metaspace       used 8203K, committed 8384K, reserved 1114112K
  class space    used 940K, committed 1024K, reserved 1048576K
}
Event: 0.668 GC heap before
{Heap before GC invocations=5 (full 0):
 garbage-first heap   total 10240K, used 5238K [0x0000000082600000, 0x0000000100000000)
  region size 1024K, 3 young (3072K), 1 survivors (1024K)
 Metaspace       used 8230K, committed 8384K, reserved 1114112K
  class space    used 940K, committed 1024K, reserved 1048576K
}
Event: 0.671 GC heap after
{Heap after GC invocations=6 (full 0):
 garbage-first heap   total 10240K, used 3498K [0x0000000082600000, 0x0000000100000000)
  region size 1024K, 1 young (1024K), 1 survivors (1024K)
 Metaspace       used 8230K, committed 8384K, reserved 1114112K
  class space    used 940K, committed 1024K, reserved 1048576K
}
Event: 0.735 GC heap before
{Heap before GC invocations=6 (full 0):
 garbage-first heap   total 10240K, used 5546K [0x0000000082600000, 0x0000000100000000)
  region size 1024K, 3 young (3072K), 1 survivors (1024K)
 Metaspace       used 8359K, committed 8576K, reserved 1114112K
  class space    used 948K, committed 1024K, reserved 1048576K
}
Event: 0.737 GC heap after
{Heap after GC invocations=7 (full 0):
 garbage-first heap   total 10240K, used 3655K [0x0000000082600000, 0x0000000100000000)
  region size 1024K, 1 young (1024K), 1 survivors (1024K)
 Metaspace       used 8359K, committed 8576K, reserved 1114112K
  class space    used 948K, committed 1024K, reserved 1048576K
}
Event: 0.751 GC heap before
{Heap before GC invocations=7 (full 0):
 garbage-first heap   total 10240K, used 5703K [0x0000000082600000, 0x0000000100000000)
  region size 1024K, 3 young (3072K), 1 survivors (1024K)
 Metaspace       used 8378K, committed 8576K, reserved 1114112K
  class space    used 948K, committed 1024K, reserved 1048576K
}
Event: 0.753 GC heap after
{Heap after GC invocations=8 (full 0):
 garbage-first heap   total 10240K, used 4008K [0x0000000082600000, 0x0000000100000000)
  region size 1024K, 1 young (1024K), 1 survivors (1024K)
 Metaspace       used 8378K, committed 8576K, reserved 1114112K
  class space    used 948K, committed 1024K, reserved 1048576K
}
Event: 0.778 GC heap before
{Heap before GC invocations=8 (full 0):
 garbage-first heap   total 10240K, used 6056K [0x0000000082600000, 0x0000000100000000)
  region size 1024K, 3 young (3072K), 1 survivors (1024K)
 Metaspace       used 8395K, committed 8576K, reserved 1114112K
  class space    used 948K, committed 1024K, reserved 1048576K
}

