# JRE version: Java(TM) SE Runtime Environment (21.0.2+13) (build 21.0.2+13-LTS-58)
# Java VM: Java HotSpot(TM) 64-Bit Server VM (21.0.2+13-LTS-58, mixed mode, sharing, tiered, compressed oops, compressed class ptrs, g1 gc, windows-amd64)
GC Precious Log:
 CardTable entry size: 512
 Card Set container configuration: InlinePtr #cards 5 size 8 Array Of Cards #cards 12 size 40 Howl #buckets 4 coarsen threshold 1843 Howl Bitmap #cards 512 size 80 coarsen threshold 460 Card regions per heap region 1 cards per card region 2048
 CPUs: 8 total, 8 available
 Memory: 8035M
 Large Page Support: Disabled
 NUMA Support: Disabled
 Compressed Oops: Enabled (32-bit)
 Heap Region Size: 1M
 Heap Min Capacity: 8M
 Heap Initial Capacity: 8M
 Heap Max Capacity: 2010M
 Pre-touch: Disabled
 Parallel Workers: 8
 Concurrent Workers: 2
 Concurrent Refinement Workers: 8
 Periodic GC: Disabled
Heap:
 garbage-first heap   total 20480K, used 10270K [0x0000000082600000, 0x0000000100000000)
  region size 1024K, 6 young (6144K), 2 survivors (2048K)
 Metaspace       used 9476K, committed 9664K, reserved 1114112K
  class space    used 1068K, committed 1152K, reserved 1048576K
GC Heap History (20 events):
Event: 0.373 GC heap before
{Heap before GC invocations=1 (full 0):
 garbage-first heap   total 8192K, used 1280K [0x0000000082600000, 0x0000000100000000)
  region size 1024K, 2 young (2048K), 1 survivors (1024K)
 Metaspace       used 5446K, committed 5568K, reserved 1114112K
  class space    used 655K, committed 704K, reserved 1048576K
}
Event: 0.376 GC heap after
{Heap after GC invocations=2 (full 0):
 garbage-first heap   total 8192K, used 1853K [0x0000000082600000, 0x0000000100000000)
  region size 1024K, 1 young (1024K), 1 survivors (1024K)
 Metaspace       used 5446K, committed 5568K, reserved 1114112K
  class space    used 655K, committed 704K, reserved 1048576K
}
Event: 0.475 GC heap before
{Heap before GC invocations=2 (full 0):
 garbage-first heap   total 8192K, used 2877K [0x0000000082600000, 0x0000000100000000)
  region size 1024K, 2 young (2048K), 1 survivors (1024K)
 Metaspace       used 6928K, committed 7040K, reserved 1114112K
  class space    used 819K, committed 896K, reserved 1048576K
}
Event: 0.477 GC heap after
{Heap after GC invocations=3 (full 0):
 garbage-first heap   total 8192K, used 2178K [0x0000000082600000, 0x0000000100000000)
  region size 1024K, 1 young (1024K), 1 survivors (1024K)
 Metaspace       used 6928K, committed 7040K, reserved 1114112K
  class space    used 819K, committed 896K, reserved 1048576K
}
Event: 0.551 GC heap before
{Heap before GC invocations=3 (full 0):
 garbage-first heap   total 8192K, used 3202K [0x0000000082600000, 0x0000000100000000)
  region size 1024K, 2 young (2048K), 1 survivors (1024K)
 Metaspace       used 7814K, committed 8000K, reserved 1114112K
  class space    used 887K, committed 960K, reserved 1048576K
}
Event: 0.554 GC heap after
{Heap after GC invocations=4 (full 0):
 garbage-first heap   total 8192K, used 2437K [0x0000000082600000, 0x0000000100000000)
  region size 1024K, 1 young (1024K), 1 survivors (1024K)
 Metaspace       used 7814K, committed 8000K, reserved 1114112K
  class space    used 887K, committed 960K, reserved 1048576K
}
Event: 0.655 GC heap before
{Heap before GC invocations=4 (full 0):
 garbage-first heap   total 8192K, used 4485K [0x0000000082600000, 0x0000000100000000)
  region size 1024K, 3 young (3072K), 1 survivors (1024K)
 Metaspace       used 8202K, committed 8384K, reserved 1114112K
  class space    used 940K, committed 1024K, reserved 1048576K
}
Event: 0.659 GC heap after
{Heap after GC invocations=5 (full 0):
 garbage-first heap   total 10240K, used 3215K [0x0000000082600000, 0x0000000100000000)
  region size 1024K, 1 young (1024K), 1 survivors (1024K)
 Metaspace       used 8202K, committed 8384K, reserved 1114112K
  class space    used 940K, committed 1024K, reserved 1048576K
}
Event: 0.687 GC heap before
{Heap before GC invocations=5 (full 0):
 garbage-first heap   total 10240K, used 5263K [0x0000000082600000, 0x0000000100000000)
  region size 1024K, 3 young (3072K), 1 survivors (1024K)
 Metaspace       used 8232K, committed 8384K, reserved 1114112K
  class space    used 940K, committed 1024K, reserved 1048576K
}
Event: 0.692 GC heap after
{Heap after GC invocations=6 (full 0):
 garbage-first heap   total 10240K, used 3494K [0x0000000082600000, 0x0000000100000000)
  region size 1024K, 1 young (1024K), 1 survivors (1024K)
 Metaspace       used 8232K, committed 8384K, reserved 1114112K
  class space    used 940K, committed 1024K, reserved 1048576K
}
Event: 0.746 GC heap before
{Heap before GC invocations=6 (full 0):
 garbage-first heap   total 10240K, used 5542K [0x0000000082600000, 0x0000000100000000)
  region size 1024K, 3 young (3072K), 1 survivors (1024K)
 Metaspace       used 8361K, committed 8512K, reserved 1114112K
  class space    used 949K, committed 1024K, reserved 1048576K
}
Event: 0.749 GC heap after
{Heap after GC invocations=7 (full 0):
 garbage-first heap   total 10240K, used 3648K [0x0000000082600000, 0x0000000100000000)
  region size 1024K, 1 young (1024K), 1 survivors (1024K)
 Metaspace       used 8361K, committed 8512K, reserved 1114112K
  class space    used 949K, committed 1024K, reserved 1048576K
}
Event: 0.764 GC heap before
{Heap before GC invocations=7 (full 0):
 garbage-first heap   total 10240K, used 5696K [0x0000000082600000, 0x0000000100000000)
  region size 1024K, 3 young (3072K), 1 survivors (1024K)
 Metaspace       used 8379K, committed 8576K, reserved 1114112K
  class space    used 949K, committed 1024K, reserved 1048576K
}
Event: 0.766 GC heap after
{Heap after GC invocations=8 (full 0):
 garbage-first heap   total 10240K, used 4060K [0x0000000082600000, 0x0000000100000000)
  region size 1024K, 1 young (1024K), 1 survivors (1024K)
 Metaspace       used 8379K, committed 8576K, reserved 1114112K
  class space    used 949K, committed 1024K, reserved 1048576K
}
Event: 0.789 GC heap before
{Heap before GC invocations=8 (full 0):
 garbage-first heap   total 10240K, used 6108K [0x0000000082600000, 0x0000000100000000)
  region size 1024K, 3 young (3072K), 1 survivors (1024K)
 Metaspace       used 8394K, committed 8576K, reserved 1114112K
  class space    used 949K, committed 1024K, reserved 1048576K
}
Event: 0.792 GC heap after
{Heap after GC invocations=9 (full 0):
 garbage-first heap   total 20480K, used 4188K [0x0000000082600000, 0x0000000100000000)
  region size 1024K, 1 young (1024K), 1 survivors (1024K)
 Metaspace       used 8394K, committed 8576K, reserved 1114112K
  class space    used 949K, committed 1024K, reserved 1048576K
}
Event: 0.865 GC heap before
{Heap before GC invocations=9 (full 0):
 garbage-first heap   total 20480K, used 13404K [0x0000000082600000, 0x0000000100000000)
  region size 1024K, 10 young (10240K), 1 survivors (1024K)
 Metaspace       used 8452K, committed 8704K, reserved 1114112K
  class space    used 957K, committed 1088K, reserved 1048576K
}
Event: 0.871 GC heap after
{Heap after GC invocations=10 (full 0):
 garbage-first heap   total 20480K, used 5403K [0x0000000082600000, 0x0000000100000000)
  region size 1024K, 2 young (2048K), 2 survivors (2048K)
 Metaspace       used 8452K, committed 8704K, reserved 1114112K
  class space    used 957K, committed 1088K, reserved 1048576K
}
Event: 1.135 GC heap before
{Heap before GC invocations=10 (full 0):
 garbage-first heap   total 20480K, used 12571K [0x0000000082600000, 0x0000000100000000)
  region size 1024K, 10 young (10240K), 2 survivors (2048K)
 Metaspace       used 9368K, committed 9536K, reserved 1114112K
  class space    used 1062K, committed 1152K, reserved 1048576K
}
Event: 1.147 GC heap after
{Heap after GC invocations=11 (full 0):
 garbage-first heap   total 20480K, used 7198K [0x0000000082600000, 0x0000000100000000)
  region size 1024K, 2 young (2048K), 2 survivors (2048K)
 Metaspace       used 9368K, committed 9536K, reserved 1114112K
  class space    used 1062K, committed 1152K, reserved 1048576K
}

