# JRE version: Java(TM) SE Runtime Environment (21.0.2+13) (build 21.0.2+13-LTS-58)
# Java VM: Java HotSpot(TM) 64-Bit Server VM (21.0.2+13-LTS-58, mixed mode, sharing, tiered, compressed oops, compressed class ptrs, g1 gc, windows-amd64)
GC Precious Log:
 CardTable entry size: 512
 Card Set container configuration: InlinePtr #cards 5 size 8 Array Of Cards #cards 12 size 40 Howl #buckets 4 coarsen threshold 1843 Howl Bitmap #cards 512 size 80 coarsen threshold 460 Card regions per heap region 1 cards per card region 2048
 CPUs: 8 total, 8 available
 Memory: 8035M
 Large Page Support: Disabled
 NUMA Support: Disabled
 Compressed Oops: Enabled (32-bit)
 Heap Region Size: 1M
 Heap Min Capacity: 8M
 Heap Initial Capacity: 8M
 Heap Max Capacity: 2010M
 Pre-touch: Disabled
 Parallel Workers: 8
 Concurrent Workers: 2
 Concurrent Refinement Workers: 8
 Periodic GC: Disabled
Heap:
 garbage-first heap   total 10240K, used 4199K [0x0000000082600000, 0x0000000100000000)
  region size 1024K, 1 young (1024K), 1 survivors (1024K)
 Metaspace       used 8397K, committed 8576K, reserved 1114112K
  class space    used 950K, committed 1024K, reserved 1048576K
GC Heap History (17 events):
Event: 0.245 GC heap before
{Heap before GC invocations=0 (full 0):
 garbage-first heap   total 8192K, used 2048K [0x0000000082600000, 0x0000000100000000)
  region size 1024K, 3 young (3072K), 0 survivors (0K)
 Metaspace       used 2619K, committed 2752K, reserved 1114112K
  class space    used 340K, committed 384K, reserved 1048576K
}
Event: 0.249 GC heap after
{Heap after GC invocations=1 (full 0):
 garbage-first heap   total 8192K, used 1320K [0x0000000082600000, 0x0000000100000000)
  region size 1024K, 1 young (1024K), 1 survivors (1024K)
 Metaspace       used 2619K, committed 2752K, reserved 1114112K
  class space    used 340K, committed 384K, reserved 1048576K
}
Event: 0.376 GC heap before
{Heap before GC invocations=1 (full 0):
 garbage-first heap   total 8192K, used 1320K [0x0000000082600000, 0x0000000100000000)
  region size 1024K, 2 young (2048K), 1 survivors (1024K)
 Metaspace       used 5449K, committed 5632K, reserved 1114112K
  class space    used 657K, committed 704K, reserved 1048576K
}
Event: 0.380 GC heap after
{Heap after GC invocations=2 (full 0):
 garbage-first heap   total 8192K, used 1803K [0x0000000082600000, 0x0000000100000000)
  region size 1024K, 1 young (1024K), 1 survivors (1024K)
 Metaspace       used 5449K, committed 5632K, reserved 1114112K
  class space    used 657K, committed 704K, reserved 1048576K
}
Event: 0.464 GC heap before
{Heap before GC invocations=2 (full 0):
 garbage-first heap   total 8192K, used 2827K [0x0000000082600000, 0x0000000100000000)
  region size 1024K, 2 young (2048K), 1 survivors (1024K)
 Metaspace       used 6839K, committed 7040K, reserved 1114112K
  class space    used 806K, committed 896K, reserved 1048576K
}
Event: 0.466 GC heap after
{Heap after GC invocations=3 (full 0):
 garbage-first heap   total 8192K, used 2224K [0x0000000082600000, 0x0000000100000000)
  region size 1024K, 1 young (1024K), 1 survivors (1024K)
 Metaspace       used 6839K, committed 7040K, reserved 1114112K
  class space    used 806K, committed 896K, reserved 1048576K
}
Event: 0.547 GC heap before
{Heap before GC invocations=3 (full 0):
 garbage-first heap   total 8192K, used 3248K [0x0000000082600000, 0x0000000100000000)
  region size 1024K, 2 young (2048K), 1 survivors (1024K)
 Metaspace       used 7801K, committed 7936K, reserved 1114112K
  class space    used 888K, committed 960K, reserved 1048576K
}
Event: 0.550 GC heap after
{Heap after GC invocations=4 (full 0):
 garbage-first heap   total 8192K, used 2490K [0x0000000082600000, 0x0000000100000000)
  region size 1024K, 1 young (1024K), 1 survivors (1024K)
 Metaspace       used 7801K, committed 7936K, reserved 1114112K
  class space    used 888K, committed 960K, reserved 1048576K
}
Event: 0.658 GC heap before
{Heap before GC invocations=4 (full 0):
 garbage-first heap   total 8192K, used 4538K [0x0000000082600000, 0x0000000100000000)
  region size 1024K, 3 young (3072K), 1 survivors (1024K)
 Metaspace       used 8228K, committed 8384K, reserved 1114112K
  class space    used 942K, committed 1024K, reserved 1048576K
}
Event: 0.662 GC heap after
{Heap after GC invocations=5 (full 0):
 garbage-first heap   total 10240K, used 3126K [0x0000000082600000, 0x0000000100000000)
  region size 1024K, 1 young (1024K), 1 survivors (1024K)
 Metaspace       used 8228K, committed 8384K, reserved 1114112K
  class space    used 942K, committed 1024K, reserved 1048576K
}
Event: 0.687 GC heap before
{Heap before GC invocations=5 (full 0):
 garbage-first heap   total 10240K, used 5174K [0x0000000082600000, 0x0000000100000000)
  region size 1024K, 3 young (3072K), 1 survivors (1024K)
 Metaspace       used 8263K, committed 8448K, reserved 1114112K
  class space    used 942K, committed 1024K, reserved 1048576K
}
Event: 0.691 GC heap after
{Heap after GC invocations=6 (full 0):
 garbage-first heap   total 10240K, used 3470K [0x0000000082600000, 0x0000000100000000)
  region size 1024K, 1 young (1024K), 1 survivors (1024K)
 Metaspace       used 8263K, committed 8448K, reserved 1114112K
  class space    used 942K, committed 1024K, reserved 1048576K
}
Event: 0.749 GC heap before
{Heap before GC invocations=6 (full 0):
 garbage-first heap   total 10240K, used 5518K [0x0000000082600000, 0x0000000100000000)
  region size 1024K, 3 young (3072K), 1 survivors (1024K)
 Metaspace       used 8363K, committed 8512K, reserved 1114112K
  class space    used 950K, committed 1024K, reserved 1048576K
}
Event: 0.752 GC heap after
{Heap after GC invocations=7 (full 0):
 garbage-first heap   total 10240K, used 3625K [0x0000000082600000, 0x0000000100000000)
  region size 1024K, 1 young (1024K), 1 survivors (1024K)
 Metaspace       used 8363K, committed 8512K, reserved 1114112K
  class space    used 950K, committed 1024K, reserved 1048576K
}
Event: 0.769 GC heap before
{Heap before GC invocations=7 (full 0):
 garbage-first heap   total 10240K, used 5673K [0x0000000082600000, 0x0000000100000000)
  region size 1024K, 3 young (3072K), 1 survivors (1024K)
 Metaspace       used 8382K, committed 8576K, reserved 1114112K
  class space    used 950K, committed 1024K, reserved 1048576K
}
Event: 0.771 GC heap after
{Heap after GC invocations=8 (full 0):
 garbage-first heap   total 10240K, used 4023K [0x0000000082600000, 0x0000000100000000)
  region size 1024K, 1 young (1024K), 1 survivors (1024K)
 Metaspace       used 8382K, committed 8576K, reserved 1114112K
  class space    used 950K, committed 1024K, reserved 1048576K
}
Event: 0.799 GC heap before
{Heap before GC invocations=8 (full 0):
 garbage-first heap   total 10240K, used 6071K [0x0000000082600000, 0x0000000100000000)
  region size 1024K, 3 young (3072K), 1 survivors (1024K)
 Metaspace       used 8397K, committed 8576K, reserved 1114112K
  class space    used 950K, committed 1024K, reserved 1048576K
}

